<?xml version="1.0" encoding="UTF-8"?>
<!-- Generated by org.testng.reporters.JUnitXMLReporter -->
<testsuite ignored="0" hostname="Aidais-MacBook-Pro.local" failures="0" tests="8" name="Surefire test" time="0.259" errors="0" timestamp="2023-01-10T16:10:24 MSK">
  <testcase classname="TestUser" name="testSum2" time="0.198"/>
  <testcase classname="PracticeTest" name="testEvenSum" time="0.001"/>
  <testcase classname="TestDataProvider" name="myTest" time="0.002"/>
  <testcase classname="TestDataProvider" name="myTest" time="0.0"/>
  <testcase classname="TestDataProvider" name="myTest" time="0.0"/>
  <testcase classname="TestDataProvider" name="myTest" time="0.001"/>
  <testcase classname="TestDataProvider" name="myTest" time="0.0"/>
  <testcase classname="TestDemo" name="testSum3" time="0.0"/>
</testsuite> <!-- Surefire test -->
