<?xml version="1.0" encoding="UTF-8"?>
<testsuite xmlns:xsi="http://www.w3.org/2001/XMLSchema-instance" xsi:noNamespaceSchemaLocation="https://maven.apache.org/surefire/maven-surefire-plugin/xsd/surefire-test-report.xsd" name="TestSuite" time="0.705" tests="8" errors="0" skipped="0" failures="0">
  <properties>
[...]
</properties>
  <testcase name="testSum2" classname="TestUser" time="0.23"/>
  <testcase name="testEvenSum" classname="PracticeTest" time="0.002"/>
  <testcase name="myTest" classname="TestDataProvider" time="0.002"/>
  <testcase name="myTest" classname="TestDataProvider" time="0"/>
  <testcase name="myTest" classname="TestDataProvider" time="0"/>
  <testcase name="myTest" classname="TestDataProvider" time="0.003"/>
  <testcase name="myTest" classname="TestDataProvider" time="0"/>
  <testcase name="testSum3" classname="TestDemo" time="0"/>
</testsuite>